<?xml version="1.0" encoding="UTF-8"?>
<!-- Generated by org.testng.reporters.JUnitReportReporter -->
<testsuite skipped="0" hostname="QTLSYS0-237" name="tests.LendNation" tests="1" failures="0" timestamp="02 Mar 2020 08:13:45 GMT" time="639.707" errors="0">
  <testcase name="LendNation" time="639.707" classname="tests.LendNation"/>
</testsuite> <!-- tests.LendNation -->
