<?xml version="1.0" encoding="UTF-8"?>
<!-- Generated by org.testng.reporters.JUnitReportReporter -->
<testsuite skipped="75" hostname="qtlsys2-124" name="QCHome.CSRLoginLogout" tests="78" failures="0" timestamp="03 May 2019 09:59:42 GMT" time="26.754" errors="2">
  <testcase name="getResult" time="0.263" classname="QCHome.CSRLoginLogout">
    <error type="org.openqa.selenium.UnhandledAlertException" message="Modal dialog present: Employer Name should not be left blank. Please enter information
Build info: version: &#039;3.14.0&#039;, revision: &#039;aacccce0&#039;, time: &#039;2018-08-02T20:19:58.91Z&#039;
System info: host: &#039;QTLSYS2-124&#039;, ip: &#039;192.168.2.124&#039;, os.name: &#039;Windows 7&#039;, os.arch: &#039;amd64&#039;, os.version: &#039;6.1&#039;, java.version: &#039;1.8.0_171&#039;
Driver info: org.openqa.selenium.ie.InternetExplorerDriver
Capabilities {browserAttachTimeout: 0, browserName: internet explorer, cssSelectorsEnabled: true, elementScrollBehavior: 0, enableElementCacheCleanup: true, enablePersistentHover: true, handlesAlerts: true, ie.browserCommandLineSwitches: , ie.ensureCleanSession: false, ie.forceCreateProcessApi: false, ie.usePerProcessProxy: false, ignoreProtectedModeSettings: false, ignoreZoomSetting: false, initialBrowserUrl: http://localhost:27653/, javascriptEnabled: true, nativeEvents: true, platform: WINDOWS, platformName: WINDOWS, requireWindowFocus: false, takesScreenshot: true, unexpectedAlertBehaviour: dismiss, unhandledPromptBehavior: dismiss, version: 11}
Session ID: ab13ae8a-489b-464f-b8e8-94c0b6c1207a">
      <![CDATA[org.openqa.selenium.UnhandledAlertException: Modal dialog present: Employer Name should not be left blank. Please enter information
Build info: version: '3.14.0', revision: 'aacccce0', time: '2018-08-02T20:19:58.91Z'
System info: host: 'QTLSYS2-124', ip: '192.168.2.124', os.name: 'Windows 7', os.arch: 'amd64', os.version: '6.1', java.version: '1.8.0_171'
Driver info: org.openqa.selenium.ie.InternetExplorerDriver
Capabilities {browserAttachTimeout: 0, browserName: internet explorer, cssSelectorsEnabled: true, elementScrollBehavior: 0, enableElementCacheCleanup: true, enablePersistentHover: true, handlesAlerts: true, ie.browserCommandLineSwitches: , ie.ensureCleanSession: false, ie.forceCreateProcessApi: false, ie.usePerProcessProxy: false, ignoreProtectedModeSettings: false, ignoreZoomSetting: false, initialBrowserUrl: http://localhost:27653/, javascriptEnabled: true, nativeEvents: true, platform: WINDOWS, platformName: WINDOWS, requireWindowFocus: false, takesScreenshot: true, unexpectedAlertBehaviour: dismiss, unhandledPromptBehavior: dismiss, version: 11}
Session ID: ab13ae8a-489b-464f-b8e8-94c0b6c1207a
at sun.reflect.NativeConstructorAccessorImpl.newInstance0(Native Method)
at sun.reflect.NativeConstructorAccessorImpl.newInstance(Unknown Source)
at sun.reflect.DelegatingConstructorAccessorImpl.newInstance(Unknown Source)
at java.lang.reflect.Constructor.newInstance(Unknown Source)
at org.openqa.selenium.remote.ErrorHandler.createThrowable(ErrorHandler.java:214)
at org.openqa.selenium.remote.ErrorHandler.createUnhandledAlertException(ErrorHandler.java:195)
at org.openqa.selenium.remote.ErrorHandler.throwIfResponseFailed(ErrorHandler.java:156)
at org.openqa.selenium.remote.http.JsonHttpResponseCodec.reconstructValue(JsonHttpResponseCodec.java:40)
at org.openqa.selenium.remote.http.AbstractHttpResponseCodec.decode(AbstractHttpResponseCodec.java:80)
at org.openqa.selenium.remote.http.AbstractHttpResponseCodec.decode(AbstractHttpResponseCodec.java:44)
at org.openqa.selenium.remote.HttpCommandExecutor.execute(HttpCommandExecutor.java:158)
at org.openqa.selenium.remote.service.DriverCommandExecutor.execute(DriverCommandExecutor.java:83)
at org.openqa.selenium.remote.RemoteWebDriver.execute(RemoteWebDriver.java:548)
at org.openqa.selenium.remote.RemoteWebDriver.execute(RemoteWebDriver.java:605)
at org.openqa.selenium.remote.RemoteWebDriver.getScreenshotAs(RemoteWebDriver.java:294)
at QCHome.CSR.getScreenhot(CSR.java:7266)
at QCHome.CSR.getResult(CSR.java:7213)
at sun.reflect.NativeMethodAccessorImpl.invoke0(Native Method)
at sun.reflect.NativeMethodAccessorImpl.invoke(Unknown Source)
at sun.reflect.DelegatingMethodAccessorImpl.invoke(Unknown Source)
at java.lang.reflect.Method.invoke(Unknown Source)
at org.testng.internal.MethodInvocationHelper.invokeMethod(MethodInvocationHelper.java:124)
at org.testng.internal.MethodInvocationHelper.invokeMethodConsideringTimeout(MethodInvocationHelper.java:59)
at org.testng.internal.Invoker.invokeConfigurationMethod(Invoker.java:458)
at org.testng.internal.Invoker.invokeConfigurations(Invoker.java:222)
at org.testng.internal.Invoker.invokeMethod(Invoker.java:646)
at org.testng.internal.Invoker.invokeTestMethod(Invoker.java:719)
at org.testng.internal.Invoker.invokeTestMethods(Invoker.java:989)
at org.testng.internal.TestMethodWorker.invokeTestMethods(TestMethodWorker.java:125)
at org.testng.internal.TestMethodWorker.run(TestMethodWorker.java:109)
at org.testng.TestRunner.privateRun(TestRunner.java:648)
at org.testng.TestRunner.run(TestRunner.java:505)
at org.testng.SuiteRunner.runTest(SuiteRunner.java:455)
at org.testng.SuiteRunner.runSequentially(SuiteRunner.java:450)
at org.testng.SuiteRunner.privateRun(SuiteRunner.java:415)
at org.testng.SuiteRunner.run(SuiteRunner.java:364)
at org.testng.SuiteRunnerWorker.runSuite(SuiteRunnerWorker.java:52)
at org.testng.SuiteRunnerWorker.run(SuiteRunnerWorker.java:84)
at org.testng.TestNG.runSuitesSequentially(TestNG.java:1208)
at org.testng.TestNG.runSuitesLocally(TestNG.java:1137)
at org.testng.TestNG.runSuites(TestNG.java:1049)
at org.testng.TestNG.run(TestNG.java:1017)
at org.testng.remote.AbstractRemoteTestNG.run(AbstractRemoteTestNG.java:114)
at org.testng.remote.RemoteTestNG.initAndRun(RemoteTestNG.java:251)
at org.testng.remote.RemoteTestNG.main(RemoteTestNG.java:77)
]]>
    </error>
  </testcase> <!-- getResult -->
  <testcase name="borrowerSublinks" time="11.425" classname="QCHome.CSRLoginLogout"/>
  <testcase name="borrowreg" time="15.066" classname="QCHome.CSRLoginLogout">
    <error type="org.openqa.selenium.UnhandledAlertException" message="Modal dialog present: Employer can not accept special characters. Please enter valid data
Build info: version: &#039;3.14.0&#039;, revision: &#039;aacccce0&#039;, time: &#039;2018-08-02T20:19:58.91Z&#039;
System info: host: &#039;QTLSYS2-124&#039;, ip: &#039;192.168.2.124&#039;, os.name: &#039;Windows 7&#039;, os.arch: &#039;amd64&#039;, os.version: &#039;6.1&#039;, java.version: &#039;1.8.0_171&#039;
Driver info: org.openqa.selenium.ie.InternetExplorerDriver
Capabilities {browserAttachTimeout: 0, browserName: internet explorer, cssSelectorsEnabled: true, elementScrollBehavior: 0, enableElementCacheCleanup: true, enablePersistentHover: true, handlesAlerts: true, ie.browserCommandLineSwitches: , ie.ensureCleanSession: false, ie.forceCreateProcessApi: false, ie.usePerProcessProxy: false, ignoreProtectedModeSettings: false, ignoreZoomSetting: false, initialBrowserUrl: http://localhost:27653/, javascriptEnabled: true, nativeEvents: true, platform: WINDOWS, platformName: WINDOWS, requireWindowFocus: false, takesScreenshot: true, unexpectedAlertBehaviour: dismiss, unhandledPromptBehavior: dismiss, version: 11}
Session ID: ab13ae8a-489b-464f-b8e8-94c0b6c1207a
*** Element info: {Using=name, value=workPhoneNbrDisp2}">
      <![CDATA[org.openqa.selenium.UnhandledAlertException: Modal dialog present: Employer can not accept special characters. Please enter valid data
Build info: version: '3.14.0', revision: 'aacccce0', time: '2018-08-02T20:19:58.91Z'
System info: host: 'QTLSYS2-124', ip: '192.168.2.124', os.name: 'Windows 7', os.arch: 'amd64', os.version: '6.1', java.version: '1.8.0_171'
Driver info: org.openqa.selenium.ie.InternetExplorerDriver
Capabilities {browserAttachTimeout: 0, browserName: internet explorer, cssSelectorsEnabled: true, elementScrollBehavior: 0, enableElementCacheCleanup: true, enablePersistentHover: true, handlesAlerts: true, ie.browserCommandLineSwitches: , ie.ensureCleanSession: false, ie.forceCreateProcessApi: false, ie.usePerProcessProxy: false, ignoreProtectedModeSettings: false, ignoreZoomSetting: false, initialBrowserUrl: http://localhost:27653/, javascriptEnabled: true, nativeEvents: true, platform: WINDOWS, platformName: WINDOWS, requireWindowFocus: false, takesScreenshot: true, unexpectedAlertBehaviour: dismiss, unhandledPromptBehavior: dismiss, version: 11}
Session ID: ab13ae8a-489b-464f-b8e8-94c0b6c1207a
*** Element info: {Using=name, value=workPhoneNbrDisp2}
at sun.reflect.NativeConstructorAccessorImpl.newInstance0(Native Method)
at sun.reflect.NativeConstructorAccessorImpl.newInstance(Unknown Source)
at sun.reflect.DelegatingConstructorAccessorImpl.newInstance(Unknown Source)
at java.lang.reflect.Constructor.newInstance(Unknown Source)
at org.openqa.selenium.remote.ErrorHandler.createThrowable(ErrorHandler.java:214)
at org.openqa.selenium.remote.ErrorHandler.createUnhandledAlertException(ErrorHandler.java:195)
at org.openqa.selenium.remote.ErrorHandler.throwIfResponseFailed(ErrorHandler.java:156)
at org.openqa.selenium.remote.http.JsonHttpResponseCodec.reconstructValue(JsonHttpResponseCodec.java:40)
at org.openqa.selenium.remote.http.AbstractHttpResponseCodec.decode(AbstractHttpResponseCodec.java:80)
at org.openqa.selenium.remote.http.AbstractHttpResponseCodec.decode(AbstractHttpResponseCodec.java:44)
at org.openqa.selenium.remote.HttpCommandExecutor.execute(HttpCommandExecutor.java:158)
at org.openqa.selenium.remote.service.DriverCommandExecutor.execute(DriverCommandExecutor.java:83)
at org.openqa.selenium.remote.RemoteWebDriver.execute(RemoteWebDriver.java:548)
at org.openqa.selenium.remote.RemoteWebDriver.findElement(RemoteWebDriver.java:322)
at org.openqa.selenium.remote.RemoteWebDriver.findElementByName(RemoteWebDriver.java:400)
at org.openqa.selenium.By$ByName.findElement(By.java:284)
at org.openqa.selenium.remote.RemoteWebDriver.findElement(RemoteWebDriver.java:314)
at QCHome.CSRBorrowerRegistration.borrowerReg(CSRBorrowerRegistration.java:205)
at QCHome.CSR.borrowreg(CSR.java:2566)
at sun.reflect.NativeMethodAccessorImpl.invoke0(Native Method)
at sun.reflect.NativeMethodAccessorImpl.invoke(Unknown Source)
at sun.reflect.DelegatingMethodAccessorImpl.invoke(Unknown Source)
at java.lang.reflect.Method.invoke(Unknown Source)
at org.testng.internal.MethodInvocationHelper.invokeMethod(MethodInvocationHelper.java:124)
at org.testng.internal.Invoker.invokeMethod(Invoker.java:583)
at org.testng.internal.Invoker.invokeTestMethod(Invoker.java:719)
at org.testng.internal.Invoker.invokeTestMethods(Invoker.java:989)
at org.testng.internal.TestMethodWorker.invokeTestMethods(TestMethodWorker.java:125)
at org.testng.internal.TestMethodWorker.run(TestMethodWorker.java:109)
at org.testng.TestRunner.privateRun(TestRunner.java:648)
at org.testng.TestRunner.run(TestRunner.java:505)
at org.testng.SuiteRunner.runTest(SuiteRunner.java:455)
at org.testng.SuiteRunner.runSequentially(SuiteRunner.java:450)
at org.testng.SuiteRunner.privateRun(SuiteRunner.java:415)
at org.testng.SuiteRunner.run(SuiteRunner.java:364)
at org.testng.SuiteRunnerWorker.runSuite(SuiteRunnerWorker.java:52)
at org.testng.SuiteRunnerWorker.run(SuiteRunnerWorker.java:84)
at org.testng.TestNG.runSuitesSequentially(TestNG.java:1208)
at org.testng.TestNG.runSuitesLocally(TestNG.java:1137)
at org.testng.TestNG.runSuites(TestNG.java:1049)
at org.testng.TestNG.run(TestNG.java:1017)
at org.testng.remote.AbstractRemoteTestNG.run(AbstractRemoteTestNG.java:114)
at org.testng.remote.RemoteTestNG.initAndRun(RemoteTestNG.java:251)
at org.testng.remote.RemoteTestNG.main(RemoteTestNG.java:77)
]]>
    </error>
  </testcase> <!-- borrowreg -->
  <testcase name="newLoan" time="0.000" classname="QCHome.CSRLoginLogout">
    <skipped/>
  </testcase> <!-- newLoan -->
  <testcase name="search" time="0.000" classname="QCHome.CSRLoginLogout">
    <skipped/>
  </testcase> <!-- search -->
  <testcase name="partialpayment" time="0.000" classname="QCHome.CSRLoginLogout">
    <skipped/>
  </testcase> <!-- partialpayment -->
  <testcase name="refinance" time="0.000" classname="QCHome.CSRLoginLogout">
    <skipped/>
  </testcase> <!-- refinance -->
  <testcase name="buyBack" time="0.000" classname="QCHome.CSRLoginLogout">
    <skipped/>
  </testcase> <!-- buyBack -->
  <testcase name="history" time="0.000" classname="QCHome.CSRLoginLogout">
    <skipped/>
  </testcase> <!-- history -->
  <testcase name="ILPborrowreg" time="0.000" classname="QCHome.CSRLoginLogout">
    <skipped/>
  </testcase> <!-- ILPborrowreg -->
  <testcase name="ILPnewLoan" time="0.000" classname="QCHome.CSRLoginLogout">
    <skipped/>
  </testcase> <!-- ILPnewLoan -->
  <testcase name="ILPpayment" time="0.000" classname="QCHome.CSRLoginLogout">
    <skipped/>
  </testcase> <!-- ILPpayment -->
  <testcase name="ILPRefinance" time="0.000" classname="QCHome.CSRLoginLogout">
    <skipped/>
  </testcase> <!-- ILPRefinance -->
  <testcase name="ILPpayoff" time="0.000" classname="QCHome.CSRLoginLogout">
    <skipped/>
  </testcase> <!-- ILPpayoff -->
  <testcase name="HistoryILp" time="0.000" classname="QCHome.CSRLoginLogout">
    <skipped/>
  </testcase> <!-- HistoryILp -->
  <testcase name="Collections" time="0.000" classname="QCHome.CSRLoginLogout">
    <skipped/>
  </testcase> <!-- Collections -->
  <testcase name="CourtesyCalls" time="0.000" classname="QCHome.CSRLoginLogout">
    <skipped/>
  </testcase> <!-- CourtesyCalls -->
  <testcase name="DailyTransactionJournal" time="0.000" classname="QCHome.CSRLoginLogout">
    <skipped/>
  </testcase> <!-- DailyTransactionJournal -->
  <testcase name="TLPborrowreg" time="0.000" classname="QCHome.CSRLoginLogout">
    <skipped/>
  </testcase> <!-- TLPborrowreg -->
  <testcase name="TLPnewLoan" time="0.000" classname="QCHome.CSRLoginLogout">
    <skipped/>
  </testcase> <!-- TLPnewLoan -->
  <testcase name="TLPPayment" time="0.000" classname="QCHome.CSRLoginLogout">
    <skipped/>
  </testcase> <!-- TLPPayment -->
  <testcase name="TLPRefinance" time="0.000" classname="QCHome.CSRLoginLogout">
    <skipped/>
  </testcase> <!-- TLPRefinance -->
  <testcase name="TLPBuyback" time="0.000" classname="QCHome.CSRLoginLogout">
    <skipped/>
  </testcase> <!-- TLPBuyback -->
  <testcase name="HistoryTLp" time="0.000" classname="QCHome.CSRLoginLogout">
    <skipped/>
  </testcase> <!-- HistoryTLp -->
  <testcase name="LOC_BorrowerReg" time="0.000" classname="QCHome.CSRLoginLogout">
    <skipped/>
  </testcase> <!-- LOC_BorrowerReg -->
  <testcase name="LOC_NewLoan" time="0.000" classname="QCHome.CSRLoginLogout">
    <skipped/>
  </testcase> <!-- LOC_NewLoan -->
  <testcase name="LOC_Payment" time="0.000" classname="QCHome.CSRLoginLogout">
    <skipped/>
  </testcase> <!-- LOC_Payment -->
  <testcase name="LOC_Payoff" time="0.000" classname="QCHome.CSRLoginLogout">
    <skipped/>
  </testcase> <!-- LOC_Payoff -->
  <testcase name="LOC_History" time="0.000" classname="QCHome.CSRLoginLogout">
    <skipped/>
  </testcase> <!-- LOC_History -->
  <testcase name="borrowregsaveloan" time="0.000" classname="QCHome.CSRLoginLogout">
    <skipped/>
  </testcase> <!-- borrowregsaveloan -->
  <testcase name="borrowregsavenext" time="0.000" classname="QCHome.CSRLoginLogout">
    <skipped/>
  </testcase> <!-- borrowregsavenext -->
  <testcase name="borrowregsavedeny" time="0.000" classname="QCHome.CSRLoginLogout">
    <skipped/>
  </testcase> <!-- borrowregsavedeny -->
  <testcase name="borrowregsaveexit" time="0.000" classname="QCHome.CSRLoginLogout">
    <skipped/>
  </testcase> <!-- borrowregsaveexit -->
  <testcase name="editborrowregsaveexit" time="0.000" classname="QCHome.CSRLoginLogout">
    <skipped/>
  </testcase> <!-- editborrowregsaveexit -->
  <testcase name="editborrowregsavenext" time="0.000" classname="QCHome.CSRLoginLogout">
    <skipped/>
  </testcase> <!-- editborrowregsavenext -->
  <testcase name="editborrowregsaveloan" time="0.000" classname="QCHome.CSRLoginLogout">
    <skipped/>
  </testcase> <!-- editborrowregsaveloan -->
  <testcase name="pdlborrowregsaveexiteditssn" time="0.000" classname="QCHome.CSRLoginLogout">
    <skipped/>
  </testcase> <!-- pdlborrowregsaveexiteditssn -->
  <testcase name="ilpborrowregsavenext" time="0.000" classname="QCHome.CSRLoginLogout">
    <skipped/>
  </testcase> <!-- ilpborrowregsavenext -->
  <testcase name="ilpborrowregsaveloan" time="0.000" classname="QCHome.CSRLoginLogout">
    <skipped/>
  </testcase> <!-- ilpborrowregsaveloan -->
  <testcase name="ilpborrowregsavedeny" time="0.000" classname="QCHome.CSRLoginLogout">
    <skipped/>
  </testcase> <!-- ilpborrowregsavedeny -->
  <testcase name="ilpborrowregsaveexit" time="0.000" classname="QCHome.CSRLoginLogout">
    <skipped/>
  </testcase> <!-- ilpborrowregsaveexit -->
  <testcase name="ilpeditborrowregsaveexit" time="0.000" classname="QCHome.CSRLoginLogout">
    <skipped/>
  </testcase> <!-- ilpeditborrowregsaveexit -->
  <testcase name="ilpeditborrowregsavenext" time="0.000" classname="QCHome.CSRLoginLogout">
    <skipped/>
  </testcase> <!-- ilpeditborrowregsavenext -->
  <testcase name="ilpeditborrowregsaveloan" time="0.000" classname="QCHome.CSRLoginLogout">
    <skipped/>
  </testcase> <!-- ilpeditborrowregsaveloan -->
  <testcase name="ilpborrowregsaveexiteditssn" time="0.000" classname="QCHome.CSRLoginLogout">
    <skipped/>
  </testcase> <!-- ilpborrowregsaveexiteditssn -->
  <testcase name="tlpeditborrowregsaveexit" time="0.000" classname="QCHome.CSRLoginLogout">
    <skipped/>
  </testcase> <!-- tlpeditborrowregsaveexit -->
  <testcase name="tlpeditborrowregsavenext" time="0.000" classname="QCHome.CSRLoginLogout">
    <skipped/>
  </testcase> <!-- tlpeditborrowregsavenext -->
  <testcase name="tlpeditborrowregsaveloan" time="0.000" classname="QCHome.CSRLoginLogout">
    <skipped/>
  </testcase> <!-- tlpeditborrowregsaveloan -->
  <testcase name="TLPBorrowerRegistrationsavenext" time="0.000" classname="QCHome.CSRLoginLogout">
    <skipped/>
  </testcase> <!-- TLPBorrowerRegistrationsavenext -->
  <testcase name="TLPBorrowerRegistrationsaveloan" time="0.000" classname="QCHome.CSRLoginLogout">
    <skipped/>
  </testcase> <!-- TLPBorrowerRegistrationsaveloan -->
  <testcase name="TLPBorrowerRegistrationsavedeny" time="0.000" classname="QCHome.CSRLoginLogout">
    <skipped/>
  </testcase> <!-- TLPBorrowerRegistrationsavedeny -->
  <testcase name="TLPBorrowerRegistrationsaveexit" time="0.000" classname="QCHome.CSRLoginLogout">
    <skipped/>
  </testcase> <!-- TLPBorrowerRegistrationsaveexit -->
  <testcase name="tlpborrowregsaveexiteditssn" time="0.000" classname="QCHome.CSRLoginLogout">
    <skipped/>
  </testcase> <!-- tlpborrowregsaveexiteditssn -->
  <testcase name="locborrowregsavenext" time="0.000" classname="QCHome.CSRLoginLogout">
    <skipped/>
  </testcase> <!-- locborrowregsavenext -->
  <testcase name="locborrowregsaveloan" time="0.000" classname="QCHome.CSRLoginLogout">
    <skipped/>
  </testcase> <!-- locborrowregsaveloan -->
  <testcase name="locborrowregsavedeny" time="0.000" classname="QCHome.CSRLoginLogout">
    <skipped/>
  </testcase> <!-- locborrowregsavedeny -->
  <testcase name="locborrowregsaveexit" time="0.000" classname="QCHome.CSRLoginLogout">
    <skipped/>
  </testcase> <!-- locborrowregsaveexit -->
  <testcase name="loceditborrowregsaveexit" time="0.000" classname="QCHome.CSRLoginLogout">
    <skipped/>
  </testcase> <!-- loceditborrowregsaveexit -->
  <testcase name="loceditborrowregsavenext" time="0.000" classname="QCHome.CSRLoginLogout">
    <skipped/>
  </testcase> <!-- loceditborrowregsavenext -->
  <testcase name="loceditborrowregsaveloan" time="0.000" classname="QCHome.CSRLoginLogout">
    <skipped/>
  </testcase> <!-- loceditborrowregsaveloan -->
  <testcase name="locborrowregsaveexiteditssn" time="0.000" classname="QCHome.CSRLoginLogout">
    <skipped/>
  </testcase> <!-- locborrowregsaveexiteditssn -->
  <testcase name="CSRBorrowerRegistration" time="0.000" classname="QCHome.CSRLoginLogout">
    <skipped/>
  </testcase> <!-- CSRBorrowerRegistration -->
  <testcase name="CSRCoBorrowerRegistrationsavenext" time="0.000" classname="QCHome.CSRLoginLogout">
    <skipped/>
  </testcase> <!-- CSRCoBorrowerRegistrationsavenext -->
  <testcase name="CSRCoBorrowerRegistrationsaveloan" time="0.000" classname="QCHome.CSRLoginLogout">
    <skipped/>
  </testcase> <!-- CSRCoBorrowerRegistrationsaveloan -->
  <testcase name="CSRCoBorrowerRegistrationsavedeny" time="0.000" classname="QCHome.CSRLoginLogout">
    <skipped/>
  </testcase> <!-- CSRCoBorrowerRegistrationsavedeny -->
  <testcase name="CSRCoBorrowerRegistrationsaveexit" time="0.000" classname="QCHome.CSRLoginLogout">
    <skipped/>
  </testcase> <!-- CSRCoBorrowerRegistrationsaveexit -->
  <testcase name="QC_NE_PDL_Txn" time="0.000" classname="QCHome.CSRLoginLogout">
    <skipped/>
  </testcase> <!-- QC_NE_PDL_Txn -->
  <testcase name="QC_LA_PDL_Txn" time="0.000" classname="QCHome.CSRLoginLogout">
    <skipped/>
  </testcase> <!-- QC_LA_PDL_Txn -->
  <testcase name="QC_NV_PDL_Txn" time="0.000" classname="QCHome.CSRLoginLogout">
    <skipped/>
  </testcase> <!-- QC_NV_PDL_Txn -->
  <testcase name="QC_MO_PDL_Txn" time="0.000" classname="QCHome.CSRLoginLogout">
    <skipped/>
  </testcase> <!-- QC_MO_PDL_Txn -->
  <testcase name="QC_WI_ILP_Txn" time="0.000" classname="QCHome.CSRLoginLogout">
    <skipped/>
  </testcase> <!-- QC_WI_ILP_Txn -->
  <testcase name="QC_NM_ILP_Txn" time="0.000" classname="QCHome.CSRLoginLogout">
    <skipped/>
  </testcase> <!-- QC_NM_ILP_Txn -->
  <testcase name="QC_MO_ILP_Txn" time="0.000" classname="QCHome.CSRLoginLogout">
    <skipped/>
  </testcase> <!-- QC_MO_ILP_Txn -->
  <testcase name="QC_MO_TLP_Txn" time="0.000" classname="QCHome.CSRLoginLogout">
    <skipped/>
  </testcase> <!-- QC_MO_TLP_Txn -->
  <testcase name="QC_NM_TLP_Txn" time="0.000" classname="QCHome.CSRLoginLogout">
    <skipped/>
  </testcase> <!-- QC_NM_TLP_Txn -->
  <testcase name="QC_NV_TLP_Txn" time="0.000" classname="QCHome.CSRLoginLogout">
    <skipped/>
  </testcase> <!-- QC_NV_TLP_Txn -->
  <testcase name="QC_KS_LOC_Txn" time="0.000" classname="QCHome.CSRLoginLogout">
    <skipped/>
  </testcase> <!-- QC_KS_LOC_Txn -->
  <testcase name="NewLoanVeritec" time="0.000" classname="QCHome.CSRLoginLogout">
    <skipped/>
  </testcase> <!-- NewLoanVeritec -->
</testsuite> <!-- QCHome.CSRLoginLogout -->
