<?xml version="1.0" encoding="UTF-8"?>
<!-- Generated by org.testng.reporters.JUnitReportReporter -->
<testsuite skipped="0" hostname="QTLSYS1-182" name="tests.QCStore" tests="1" failures="0" timestamp="12 Apr 2019 13:23:16 GMT" time="51.731" errors="0">
  <testcase name="Reverse_and_Reallocation" time="51.731" classname="tests.QCStore"/>
</testsuite> <!-- tests.QCStore -->
