<?xml version="1.0" encoding="UTF-8"?>
<!-- Generated by org.testng.reporters.JUnitReportReporter -->
<testsuite skipped="0" hostname="QTLSYS0-237" name="tests.QCStore" tests="8" failures="0" timestamp="20 Mar 2020 10:07:32 GMT" time="4325.551" errors="0">
  <testcase name="JQC_TLP_GraceDays_Deposit_MidDay_Txn" time="531.672" classname="tests.QCStore"/>
  <testcase name="JQC_TLP_GraceDays_Deposit_Menu_Txn" time="501.146" classname="tests.QCStore"/>
  <testcase name="JQC_TLP_Deposit_dropdown_Txn" time="458.717" classname="tests.QCStore"/>
  <testcase name="JQC_TLP_Deposit_Menu_Txn" time="580.926" classname="tests.QCStore"/>
  <testcase name="JQC_TLP_GraceDays_Deposit_dropdown_Txn" time="504.088" classname="tests.QCStore"/>
  <testcase name="JQC_TLP_Deceased_Txn" time="486.195" classname="tests.QCStore"/>
  <testcase name="JQC_DefaultPayment_Txn_Testdata" time="542.050" classname="tests.QCStore"/>
  <testcase name="JQC_DefaultPayment_Void_Txn_Testdata" time="720.757" classname="tests.QCStore"/>
</testsuite> <!-- tests.QCStore -->
