<?xml version="1.0" encoding="UTF-8"?>
<!-- Generated by org.testng.reporters.JUnitReportReporter -->
<testsuite skipped="0" hostname="QTLSYS0-237" name="tests.QCStore" tests="20" failures="0" timestamp="09 Mar 2020 14:02:54 GMT" time="13705.249" errors="0">
  <testcase name="JQC_AgeStore_Deposit_ClearMenu_Txn" time="751.961" classname="tests.QCStore"/>
  <testcase name="JQC_AgeStore_Deposit_AutoClear_Txn" time="639.450" classname="tests.QCStore"/>
  <testcase name="JQC_AgeStore_PrePayment_Return_Txn" time="760.490" classname="tests.QCStore"/>
  <testcase name="JQC_AgeStore_PrePayment_Clear_Txn" time="782.626" classname="tests.QCStore"/>
  <testcase name="JQC_AgeStore_NSFPosting_Refinance_Rescind_Txn" time="587.813" classname="tests.QCStore"/>
  <testcase name="JQC_AgeStore_ACHReturn_Refinance_Rescind_Txn" time="679.849" classname="tests.QCStore"/>
  <testcase name="JQC_AgeStore_Deposit_Return_Refinance_Txn" time="546.907" classname="tests.QCStore"/>
  <testcase name="JQC_AgeStore_Deposit_Return_Refinance_Void_Txn" time="998.559" classname="tests.QCStore"/>
  <testcase name="JQC_AgeStore_Refinance_Rescind_Txn" time="504.025" classname="tests.QCStore"/>
  <testcase name="JQC_AgeStore_Redeposit_Prepayment_Void_Prepayment_Return_Txn" time="716.706" classname="tests.QCStore"/>
  <testcase name="JQC_Return_ReDeposit_Clear_Txn" time="1218.316" classname="tests.QCStore"/>
  <testcase name="JQC_BuyBack_Txn_Testdata" time="490.964" classname="tests.QCStore"/>
  <testcase name="JQC_BuyBack_Void_Txn_Testdata" time="475.450" classname="tests.QCStore"/>
  <testcase name="JQC_BuyBack_Rebate_Txn_Testdata" time="495.667" classname="tests.QCStore"/>
  <testcase name="JQC_BuyBack_Rebate_Void_Txn_Testdata" time="542.539" classname="tests.QCStore"/>
  <testcase name="JQC_ChkDeposit_RtnChk_ReDeposit_Payment_Void_Clear_Txn_Testdata" time="791.466" classname="tests.QCStore"/>
  <testcase name="JQC_Deposit_Return_EPP_Txn_Testdata" time="692.919" classname="tests.QCStore"/>
  <testcase name="JQC_EPP_AgestoreInstallmentwise_EPPPayment_Txn_Testdata" time="959.667" classname="tests.QCStore"/>
  <testcase name="JQC_PartialWORecovery_FullWORecovery_Void_Txn_Testdata" time="670.480" classname="tests.QCStore"/>
  <testcase name="JQC_EPP_Txn_Testdata" time="399.395" classname="tests.QCStore"/>
</testsuite> <!-- tests.QCStore -->
