<?xml version="1.0" encoding="UTF-8"?>
<!-- Generated by org.testng.reporters.JUnitReportReporter -->
<testsuite skipped="0" hostname="QTLSYS0-237" name="tests.QCStore" tests="1" failures="0" timestamp="20 Mar 2020 11:15:05 GMT" time="3502.256" errors="0">
  <testcase name="LOC_ACHDeposit_EODs_Return_Txn" time="3502.256" classname="tests.QCStore"/>
</testsuite> <!-- tests.QCStore -->
