<?xml version="1.0" encoding="UTF-8"?>
<!-- Generated by org.testng.reporters.JUnitReportReporter -->
<testsuite skipped="0" hostname="QTLSYS0-229" name="tests.QCAdminCoupon" tests="1" failures="0" timestamp="20 Aug 2019 11:40:02 GMT" time="136.648" errors="0">
  <testcase name="JQC_TXMPDL_Newloan_Lessthan_CSOFee_Gracedays_Payment_Txn" time="136.648" classname="tests.QCAdminCoupon"/>
</testsuite> <!-- tests.QCAdminCoupon -->
