<?xml version="1.0" encoding="UTF-8"?>
<!-- Generated by org.testng.reporters.JUnitReportReporter -->
<testsuite skipped="0" hostname="QTLSYS0-237" name="tests.QCStore" tests="1" failures="0" timestamp="25 Sep 2019 11:26:19 GMT" time="188.647" errors="0">
  <testcase name="JQC_ILP_Newloan_Deposit_Return_Deposit_Txn" time="188.647" classname="tests.QCStore"/>
</testsuite> <!-- tests.QCStore -->
