<?xml version="1.0" encoding="UTF-8"?>
<!-- Generated by org.testng.reporters.JUnitReportReporter -->
<testsuite skipped="0" hostname="QTLSYS0-237" name="tests.QCStore" tests="1" failures="0" timestamp="14 Sep 2020 04:41:15 GMT" time="90.266" errors="0">
  <testcase name="QC_Full_Buyback_Txn" time="90.266" classname="tests.QCStore"/>
</testsuite> <!-- tests.QCStore -->
