<?xml version="1.0" encoding="UTF-8"?>
<!-- Generated by org.testng.reporters.JUnitReportReporter -->
<testsuite skipped="0" hostname="QTLSYS0-237" name="tests.QCStore" tests="6" failures="0" timestamp="11 Sep 2020 19:24:58 GMT" time="6891.175" errors="0">
  <testcase name="B20_404_TS_11" time="1536.194" classname="tests.QCStore"/>
  <testcase name="B20_404_TS_12" time="1033.917" classname="tests.QCStore"/>
  <testcase name="B20_404_TS_13" time="1260.470" classname="tests.QCStore"/>
  <testcase name="B20_404_TS_14" time="950.933" classname="tests.QCStore"/>
  <testcase name="B20_404_TS_15" time="544.139" classname="tests.QCStore"/>
  <testcase name="B20_404_TS_16" time="1565.522" classname="tests.QCStore"/>
</testsuite> <!-- tests.QCStore -->
