<?xml version="1.0" encoding="UTF-8"?>
<!-- Generated by org.testng.reporters.JUnitReportReporter -->
<testsuite skipped="0" hostname="QTLSYS0-237" name="tests.QCStore" tests="1" failures="0" timestamp="14 Sep 2020 12:58:52 GMT" time="56.250" errors="0">
  <testcase name="B20_846_TS_4" time="56.250" classname="tests.QCStore"/>
</testsuite> <!-- tests.QCStore -->
