<?xml version="1.0" encoding="UTF-8"?>
<!-- Generated by org.testng.reporters.JUnitReportReporter -->
<testsuite skipped="0" hostname="QTLSYS0-237" name="tests.QCStore" tests="1" failures="0" timestamp="20 Mar 2020 04:41:02 GMT" time="459.703" errors="0">
  <testcase name="JQC_ILP_GraceDays_Deposit_dropdown_Txn" time="459.703" classname="tests.QCStore"/>
</testsuite> <!-- tests.QCStore -->
