<?xml version="1.0" encoding="UTF-8"?>
<!-- Generated by org.testng.reporters.JUnitReportReporter -->
<testsuite skipped="0" hostname="QTLSYS0-237" name="tests.QCStore" tests="2" failures="0" timestamp="12 Aug 2020 18:26:29 GMT" time="20727.305" errors="0">
  <testcase name="QC_NewLoan_void_Txn" time="20695.805" classname="tests.QCStore"/>
  <testcase name="QC_NewLoan_void_refinance_Txn" time="31.501" classname="tests.QCStore"/>
</testsuite> <!-- tests.QCStore -->
