<?xml version="1.0" encoding="UTF-8"?>
<!-- Generated by org.testng.reporters.JUnitReportReporter -->
<testsuite skipped="0" hostname="qtlsys1-86" name="tests.QCStore" tests="1" failures="0" timestamp="30 Oct 2019 13:08:35 GMT" time="750.349" errors="0">
  <testcase name="borrowregNewloan_TLP" time="750.349" classname="tests.QCStore"/>
</testsuite> <!-- tests.QCStore -->
